<?xml version="1.0" encoding="UTF-8"?>
<!-- Generated by org.testng.reporters.JUnitReportReporter -->
<testsuite hostname="YDRAHULAL" failures="0" tests="1" name="com.automatiom.gtfcourse.framework.seleniumeasy.tests.homepage.Story01TestBasicExampleButtons" time="7.003" errors="0" timestamp="2022-12-09T18:12:30 EET" skipped="0">
  <testcase classname="com.automatiom.gtfcourse.framework.seleniumeasy.tests.homepage.Story01TestBasicExampleButtons" name="tc02_checkBoxDemoButtonToCorrectURL" time="7.003"/>
  <system-out/>
</testsuite> <!-- com.automatiom.gtfcourse.framework.seleniumeasy.tests.homepage.Story01TestBasicExampleButtons -->
